Server CFG Path :  cfg/server_cfg.ini
Entry List Path :  cfg/entry_list.ini
Assetto Corsa Dedicated Server v1.15
Protocol version: 202
2022-04-19 21:45:52.5288981 +0200 CEST m=+0.010002500
Num CPU: 12
LOCAL IP 0: fe80::c406:4c8b:3370:4440%VirtualBox Host-Only Network
LOCAL IP 1: fe80::39c0:6dad:3397:4dff%Ethernet
LOCAL IP 2: 192.168.56.1
LOCAL IP 3: 192.168.1.38
Using cfg path:  cfg/server_cfg.ini
Car list:
_abarth500_
_abarth500_s1_
_bmw_m3_e30_
_suzuki_cappuccino_
_suzuki_cappuccino_roof_
_wdts_toyota_ae86_
Client interval HZ: 18
WARNING: pitstop window needs a valid range
WARNING: MAX_CONTACTS_PER_KM was 0 or not found, setting to default: 5
AUTH_PLUGIN_ADDRESS 
TRACK=magione
CARS=["abarth500" "abarth500_s1" "bmw_m3_e30" "suzuki_cappuccino" "suzuki_cappuccino_roof" "wdts_toyota_ae86"]
Loading PRACTICE session
SESSION: Practice
TYPE=PRACTICE
TIME=600
LAPS=0
OPEN=1
WAIT TIME=0

Loading QUALIFY session
SESSION: Qualify
TYPE=QUALIFY
TIME=10
LAPS=0
OPEN=1
WAIT TIME=0

SESSION: Race
TYPE=RACE
TIME=0
LAPS=5
OPEN=1
WAIT TIME=60

DynamicTrack: first session, resetting grip
Trying to load DRS zones from: content/tracks/magione/data/drs_zones.ini
Loading ZONE_0 {0.401 0.676}
Weather update. Ambient: 18.014732 Road: 24.419046 Graphics: 3_clear
Wind update. Speed: 0 Direction: 0
CHECKSUM: system/data/surfaces.ini=41949b9f7045cad2af3f5eb951d170a9
CHECKSUM: content/tracks/magione/data/surfaces.ini=6e128cc6cb7dab5caa3822f1143d5012
CHECKSUM: content/tracks/magione/models.ini=d6788b3dd733adb57f4b5b0273f846d5
ACD CHECKSUM:f6327e6ca542c9ec00b332da054dd529
ACD CHECKSUM:7378b791cac9e8faef3723aa9385ee9b
ACD CHECKSUM:7770c53907d4161c63db9e7f9c97a96b
Calculating checksum for folder content/cars/suzuki_cappuccino/data
Error calculating checksum: Folder not found
Calculating checksum for folder content/cars/suzuki_cappuccino_roof/data
Error calculating checksum: Folder not found
Calculating checksum for folder content/cars/wdts_toyota_ae86/data
Error calculating checksum: Folder not found
Loading blacklist
Opening entry list:  cfg/entry_list.ini
Found car  CAR_0
CAR: 0 bmw_m3_e30 (0) [ []]  []  Ballast: 0 kg
CAR: 0 bmw_m3_e30 (0) [ []]  []  Restrictor: 0
open setups/bmw_m3_e30.ini: Nie można odnaleźć określonego pliku.
Found car  CAR_1
CAR: 1 bmw_m3_e30 (1) [ []]  []  Ballast: 0 kg
CAR: 1 bmw_m3_e30 (1) [ []]  []  Restrictor: 0
open setups/bmw_m3_e30.ini: Nie można odnaleźć określonego pliku.
Found car  CAR_2
CAR: 2 bmw_m3_e30 (2) [ []]  []  Ballast: 0 kg
CAR: 2 bmw_m3_e30 (2) [ []]  []  Restrictor: 0
open setups/bmw_m3_e30.ini: Nie można odnaleźć określonego pliku.
Found car  CAR_3
CAR: 3 bmw_m3_e30 (3) [ []]  []  Ballast: 0 kg
CAR: 3 bmw_m3_e30 (3) [ []]  []  Restrictor: 0
open setups/bmw_m3_e30.ini: Nie można odnaleźć określonego pliku.
Found car  CAR_4
CAR: 4 bmw_m3_e30 (4) [ []]  []  Ballast: 0 kg
CAR: 4 bmw_m3_e30 (4) [ []]  []  Restrictor: 0
open setups/bmw_m3_e30.ini: Nie można odnaleźć określonego pliku.
Found car  CAR_5
CAR: 5 bmw_m3_e30 (5) [ []]  []  Ballast: 0 kg
CAR: 5 bmw_m3_e30 (5) [ []]  []  Restrictor: 0
open setups/bmw_m3_e30.ini: Nie można odnaleźć określonego pliku.
Found car  CAR_6
CAR: 6 bmw_m3_e30 (6) [ []]  []  Ballast: 0 kg
CAR: 6 bmw_m3_e30 (6) [ []]  []  Restrictor: 0
open setups/bmw_m3_e30.ini: Nie można odnaleźć określonego pliku.
Found car  CAR_7
CAR: 7 bmw_m3_e30 (7) [ []]  []  Ballast: 0 kg
CAR: 7 bmw_m3_e30 (7) [ []]  []  Restrictor: 0
open setups/bmw_m3_e30.ini: Nie można odnaleźć określonego pliku.
Found car  CAR_8
CAR: 8 bmw_m3_e30 (8) [ []]  []  Ballast: 0 kg
CAR: 8 bmw_m3_e30 (8) [ []]  []  Restrictor: 0
open setups/bmw_m3_e30.ini: Nie można odnaleźć określonego pliku.
Found car  CAR_9
CAR: 9 bmw_m3_e30 (9) [ []]  []  Ballast: 0 kg
CAR: 9 bmw_m3_e30 (9) [ []]  []  Restrictor: 0
open setups/bmw_m3_e30.ini: Nie można odnaleźć określonego pliku.
Found car  CAR_10
CAR: 10 bmw_m3_e30 (10) [ []]  []  Ballast: 0 kg
CAR: 10 bmw_m3_e30 (10) [ []]  []  Restrictor: 0
open setups/bmw_m3_e30.ini: Nie można odnaleźć określonego pliku.
Found car  CAR_11
CAR: 11 bmw_m3_e30 (11) [ []]  []  Ballast: 0 kg
CAR: 11 bmw_m3_e30 (11) [ []]  []  Restrictor: 0
open setups/bmw_m3_e30.ini: Nie można odnaleźć określonego pliku.
Found car  CAR_12
CAR: 12 bmw_m3_e30 (12) [ []]  []  Ballast: 0 kg
CAR: 12 bmw_m3_e30 (12) [ []]  []  Restrictor: 0
open setups/bmw_m3_e30.ini: Nie można odnaleźć określonego pliku.
Found car  CAR_13
CAR: 13 bmw_m3_e30 (13) [ []]  []  Ballast: 0 kg
CAR: 13 bmw_m3_e30 (13) [ []]  []  Restrictor: 0
open setups/bmw_m3_e30.ini: Nie można odnaleźć określonego pliku.
Found car  CAR_14
CAR: 14 bmw_m3_e30 (14) [ []]  []  Ballast: 0 kg
CAR: 14 bmw_m3_e30 (14) [ []]  []  Restrictor: 0
open setups/bmw_m3_e30.ini: Nie można odnaleźć określonego pliku.
Found car  CAR_15
CAR: 15 bmw_m3_e30 (15) [ []]  []  Ballast: 0 kg
CAR: 15 bmw_m3_e30 (15) [ []]  []  Restrictor: 0
open setups/bmw_m3_e30.ini: Nie można odnaleźć określonego pliku.
Found car  CAR_16
CAR: 16 bmw_m3_e30 (16) [ []]  []  Ballast: 0 kg
CAR: 16 bmw_m3_e30 (16) [ []]  []  Restrictor: 0
open setups/bmw_m3_e30.ini: Nie można odnaleźć określonego pliku.
Found car  CAR_17
CAR: 17 bmw_m3_e30 (17) [ []]  []  Ballast: 0 kg
CAR: 17 bmw_m3_e30 (17) [ []]  []  Restrictor: 0
open setups/bmw_m3_e30.ini: Nie można odnaleźć określonego pliku.
Random seed: 668596850
Starting TCP listener at port 9600
Session has 0 laps, will not save json
NextSession
SESSION: Practice
TYPE=PRACTICE
TIME=600
LAPS=0
OPEN=1
WAIT TIME=0

DynamicTrack: first session, resetting grip
Weather update. Ambient: 18.442966 Road: 23.466026 Graphics: 3_clear
Wind update. Speed: 0 Direction: 0
No laptime available, use car index for grids
POS: 1, SessionID:0
POS: 2, SessionID:1
POS: 3, SessionID:2
POS: 4, SessionID:3
POS: 5, SessionID:4
POS: 6, SessionID:5
POS: 7, SessionID:6
POS: 8, SessionID:7
POS: 9, SessionID:8
POS: 10, SessionID:9
POS: 11, SessionID:10
POS: 12, SessionID:11
POS: 13, SessionID:12
POS: 14, SessionID:13
POS: 15, SessionID:14
POS: 16, SessionID:15
POS: 17, SessionID:16
Starting HTTP server on port  8081
POS: 18, SessionID:17
SENDING session name : Practice
SENDING session index : 0
SENDING session type : 1
SENDING session time : 600
SENDING session laps : 0
Server started
PAGE: /JSON|76561198069037036
Serve JSON took 20 ms
Registering to AC central server
CALLING http://93.57.10.21/lobby.ashx/register?name=Mumin_server&port=9600&tcp_port=9600&max_clients=18&track=magione&cars=abarth500%2Cabarth500_s1%2Cbmw_m3_e30%2Csuzuki_cappuccino%2Csuzuki_cappuccino_roof%2Cwdts_toyota_ae86&timeofday=48&sessions=1,2,3&durations=36000,600,5&password=0&version=202&pickup=1&autoclutch=0&abs=1&tc=1&stability=0&legal_tyres=&fixed_setup=0&timed=0&extra=0&pit=0&inverted=0
PAGE: /JSON|76561198092336551
Serve JSON took 36 ms
RESPONSE: OK,0,8081
CONNECTED TO LOBBY
RESTARTING FROM SESSION 0
Session has 0 laps, will not save json
NextSession
SESSION: Practice
TYPE=PRACTICE
TIME=600
LAPS=0
OPEN=1
WAIT TIME=0

DynamicTrack: first session, resetting grip
Weather update. Ambient: 17.937788 Road: 24.390474 Graphics: 3_clear
Wind update. Speed: 0 Direction: 0
SENDING session name : Practice
SENDING session index : 0
SENDING session type : 1
SENDING session time : 600
SENDING session laps : 0
SENDING http://93.57.10.21/lobby.ashx/ping?session=1&timeleft=36000&port=9600&clients=0&track=magione&pickup=1
PAGE: /JSON|76561198820116797
Serve JSON took 23 ms
OK
PAGE: /JSON|76561198122329884
Serve JSON took 36 ms
PAGE: /JSON|76561199135378735
Serve JSON took 49 ms
PAGE: /JSON|76561197997193046
Serve JSON took 24 ms
PAGE: /JSON|76561197982064073
Serve JSON took 21 ms
PAGE: /INFO
REQ
{ 9600 8081 Mumin_server 0 18 magione [abarth500 abarth500_s1 bmw_m3_e30 suzuki_cappuccino suzuki_cappuccino_roof wdts_toyota_ae86] 48 0 [1 2 3] [600 10 5] 35991 [na na] false 0 <nil> false true 9600 false false false 0}
{ 9600 8081 Mumin_server 0 18 magione [abarth500 abarth500_s1 bmw_m3_e30 suzuki_cappuccino suzuki_cappuccino_roof wdts_toyota_ae86] 48 0 [1 2 3] [600 10 5] 35991 [na na] false 0 <nil> false true 9600 false false false 0}
PAGE: /JSON|76561198271312186
Serve JSON took 3 ms
PAGE: /INFO
REQ
{ 9600 8081 Mumin_server 0 18 magione [abarth500 abarth500_s1 bmw_m3_e30 suzuki_cappuccino suzuki_cappuccino_roof wdts_toyota_ae86] 48 0 [1 2 3] [600 10 5] 35990 [na na] false 0 <nil> false true 9600 false false false 0}
{ 9600 8081 Mumin_server 0 18 magione [abarth500 abarth500_s1 bmw_m3_e30 suzuki_cappuccino suzuki_cappuccino_roof wdts_toyota_ae86] 48 0 [1 2 3] [600 10 5] 35990 [na na] false 0 <nil> false true 9600 false false false 0}
PAGE: /JSON|76561198271312186
Serve JSON took 4 ms
PAGE: /JSON|76561198245259712
Serve JSON took 34 ms
PAGE: /JSON|76561198012536320
Serve JSON took 25 ms
PAGE: /JSON|76561198076543416
Serve JSON took 18 ms
PAGE: /JSON|76561199148079126
Serve JSON took 31 ms
PAGE: /JSON|76561197970950664
Serve JSON took 31 ms
PAGE: /JSON|76561198180754122
Serve JSON took 15 ms
PAGE: /JSON|76561199069971950
Serve JSON took 47 ms
PAGE: /JSON|76561198351694219
Serve JSON took 62 ms
PAGE: /JSON|76561198097287715
Serve JSON took 63 ms
PAGE: /INFO
REQ
{ 9600 8081 Mumin_server 0 18 magione [abarth500 abarth500_s1 bmw_m3_e30 suzuki_cappuccino suzuki_cappuccino_roof wdts_toyota_ae86] 48 0 [1 2 3] [600 10 5] 35941 [na na] false 0 <nil> false true 9600 false false false 0}
{ 9600 8081 Mumin_server 0 18 magione [abarth500 abarth500_s1 bmw_m3_e30 suzuki_cappuccino suzuki_cappuccino_roof wdts_toyota_ae86] 48 0 [1 2 3] [600 10 5] 35941 [na na] false 0 <nil> false true 9600 false false false 0}
PAGE: /JSON|76561198271312186
Serve JSON took 47 ms
PAGE: /JSON|76561198056403122
Serve JSON took 47 ms
PAGE: /JSON|76561197983429138
Serve JSON took 15 ms
PAGE: /JSON|76561198310696321
Serve JSON took 28 ms
PAGE: /JSON|76561198330190279
Serve JSON took 9 ms
PAGE: /INFO
REQ
{ 9600 8081 Mumin_server 0 18 magione [abarth500 abarth500_s1 bmw_m3_e30 suzuki_cappuccino suzuki_cappuccino_roof wdts_toyota_ae86] 48 0 [1 2 3] [600 10 5] 35931 [na na] false 0 <nil> false true 9600 false false false 0}
{ 9600 8081 Mumin_server 0 18 magione [abarth500 abarth500_s1 bmw_m3_e30 suzuki_cappuccino suzuki_cappuccino_roof wdts_toyota_ae86] 48 0 [1 2 3] [600 10 5] 35931 [na na] false 0 <nil> false true 9600 false false false 0}
PAGE: /JSON|76561198271312186
Serve JSON took 61 ms
PAGE: /JSON|76561198407356422
Serve JSON took 37 ms
PAGE: /JSON|76561198127575758
Serve JSON took 36 ms
PAGE: /JSON|76561199000149645
Serve JSON took 40 ms
PAGE: /JSON|76561199122175931
Serve JSON took 49 ms
PAGE: /JSON|76561199070398593
Serve JSON took 40 ms
PAGE: /JSON|76561198868292019
Serve JSON took 43 ms
PAGE: /JSON|76561198335164350
Serve JSON took 4 ms
PAGE: /JSON|76561198821179696
Serve JSON took 4 ms
PAGE: /JSON|76561198839822074
Serve JSON took 25 ms
PAGE: /JSON|76561199203427398
Serve JSON took 28 ms
PAGE: /JSON|76561198385670697
Serve JSON took 58 ms
PAGE: /JSON|76561198083067602
Serve JSON took 9 ms
PAGE: /JSON|76561197984579569
Serve JSON took 15 ms
PAGE: /JSON|76561198798001373
Serve JSON took 15 ms
PAGE: /JSON|76561199110146775
Serve JSON took 31 ms
PAGE: /JSON|76561199042506529
Serve JSON took 31 ms
PAGE: /JSON|76561198967974278
Serve JSON took 47 ms
PAGE: /JSON|76561198130272988
Serve JSON took 12 ms
PAGE: /JSON|76561198379550187
Serve JSON took 16 ms
PAGE: /JSON|76561199061392607
PAGE: /JSON|76561199085723249
Serve JSON took 59 ms
Serve JSON took 94 ms
PAGE: /JSON|76561199169306704
Serve JSON took 63 ms
PAGE: /JSON|76561198004955997
Serve JSON took 31 ms
PAGE: /JSON|76561198067609876
Serve JSON took 47 ms
PAGE: /JSON|76561198843101887
Serve JSON took 32 ms
PAGE: /JSON|76561199084106503
Serve JSON took 16 ms
PAGE: /JSON|76561198452571294
Serve JSON took 16 ms
PAGE: /JSON|76561198025769166
Serve JSON took 63 ms
PAGE: /JSON|76561198273984436
Serve JSON took 47 ms
PAGE: /JSON|76561198415695047
Serve JSON took 32 ms
PAGE: /JSON|76561199114988623
Serve JSON took 32 ms
PAGE: /INFO
REQ
{ 9600 8081 Mumin_server 0 18 magione [abarth500 abarth500_s1 bmw_m3_e30 suzuki_cappuccino suzuki_cappuccino_roof wdts_toyota_ae86] 48 0 [1 2 3] [600 10 5] 35832 [na na] false 0 <nil> false true 9600 false false false 0}
{ 9600 8081 Mumin_server 0 18 magione [abarth500 abarth500_s1 bmw_m3_e30 suzuki_cappuccino suzuki_cappuccino_roof wdts_toyota_ae86] 48 0 [1 2 3] [600 10 5] 35832 [na na] false 0 <nil> false true 9600 false false false 0}
PAGE: /JSON|76561198271312186
Serve JSON took 63 ms
PAGE: /JSON|76561198188403445
Serve JSON took 32 ms
PAGE: /JSON|76561198874663654
Serve JSON took 52 ms
PAGE: /JSON|76561198839360164
Serve JSON took 16 ms
PAGE: /JSON|76561199224423462
Serve JSON took 45 ms
PAGE: /JSON|76561198849313228
Serve JSON took 12 ms
PAGE: /JSON|76561198336944071
Serve JSON took 11 ms
PAGE: /JSON|76561199013913109
Serve JSON took 38 ms
PAGE: /JSON|76561198873859788
Serve JSON took 7 ms
PAGE: /JSON|76561198200803289
Serve JSON took 45 ms
PAGE: /JSON|76561199077598853
Serve JSON took 52 ms
PAGE: /JSON|76561198058312892
Serve JSON took 43 ms
PAGE: /JSON|76561197978858638
Serve JSON took 30 ms
PAGE: /JSON|76561199154138099
Serve JSON took 42 ms
PAGE: /JSON|76561198978316549
Serve JSON took 63 ms
PAGE: /JSON|76561198139643190
Serve JSON took 40 ms
PAGE: /JSON|76561199125799003
Serve JSON took 5 ms
PAGE: /JSON|76561198851254520
Serve JSON took 20 ms
PAGE: /JSON|76561198098042553
Serve JSON took 50 ms
PAGE: /JSON|76561198280053172
Serve JSON took 60 ms
PAGE: /JSON|76561198296876678
Serve JSON took 32 ms
PAGE: /JSON|76561198111052613
Serve JSON took 16 ms
PAGE: /JSON|76561198174878265
Serve JSON took 47 ms
PAGE: /JSON|76561198033189942
Serve JSON took 32 ms
PAGE: /JSON|76561199231667137
PAGE: /JSON|76561198274022013
Serve JSON took 63 ms
Serve JSON took 79 ms
PAGE: /JSON|76561197985402592
Serve JSON took 47 ms
PAGE: /JSON|76561198910594990
Serve JSON took 26 ms
PAGE: /JSON|76561198842683611
Serve JSON took 15 ms
PAGE: /JSON|76561198179910793
Serve JSON took 55 ms
PAGE: /JSON|76561198981209946
Serve JSON took 36 ms
PAGE: /JSON|76561198070846219
Serve JSON took 8 ms
PAGE: /JSON|76561198148338893
Serve JSON took 59 ms
PAGE: /JSON|76561198176836217
Serve JSON took 20 ms
PAGE: /JSON|76561198195619118
Serve JSON took 44 ms
PAGE: /JSON|76561199023117791
Serve JSON took 34 ms
PAGE: /JSON|76561198994589182
Serve JSON took 62 ms
PAGE: /JSON|76561199145708487
Serve JSON took 40 ms
PAGE: /JSON|76561199227664227
Serve JSON took 41 ms
PAGE: /JSON|76561198132327070
Serve JSON took 36 ms
PAGE: /JSON|76561198252310528
Serve JSON took 8 ms
PAGE: /JSON|76561198063514919
Serve JSON took 22 ms
PAGE: /JSON|76561199164961681
Serve JSON took 45 ms
PAGE: /JSON|76561198335374961
Serve JSON took 20 ms
PAGE: /JSON|76561199217914412
Serve JSON took 8 ms
PAGE: /JSON|76561198116772802
Serve JSON took 12 ms
PAGE: /JSON|76561198061500842
Serve JSON took 36 ms
PAGE: /JSON|76561199052892103
Serve JSON took 49 ms
PAGE: /JSON|76561198823742576
Serve JSON took 49 ms
PAGE: /JSON|76561199000345641
Serve JSON took 16 ms
PAGE: /JSON|76561198358571222
Serve JSON took 13 ms
PAGE: /JSON|76561199082507627
Serve JSON took 31 ms
PAGE: /JSON|76561199177331111
Serve JSON took 63 ms
PAGE: /JSON|76561198289932336
Serve JSON took 15 ms
PAGE: /JSON|76561199132308252
Serve JSON took 47 ms
PAGE: /JSON|76561198410833490
Serve JSON took 15 ms
PAGE: /JSON|76561197997069226
Serve JSON took 63 ms
PAGE: /JSON|76561199171872181
Serve JSON took 31 ms
PAGE: /JSON|76561198079283013
Serve JSON took 16 ms
PAGE: /JSON|76561198078011648
Serve JSON took 47 ms
PAGE: /JSON|76561198313824586
Serve JSON took 63 ms
PAGE: /JSON|76561198870103360
Serve JSON took 31 ms
PAGE: /JSON|76561198915075246
Serve JSON took 16 ms
PAGE: /JSON|76561198063477351
Serve JSON took 15 ms
PAGE: /JSON|76561198196663485
Serve JSON took 63 ms
PAGE: /JSON|76561198046836825
Serve JSON took 47 ms
PAGE: /JSON|76561199260452415
Serve JSON took 16 ms
PAGE: /JSON|76561198330286066
Serve JSON took 48 ms
PAGE: /JSON|76561198277364680
Serve JSON took 16 ms
PAGE: /JSON|76561198866239992
Serve JSON took 32 ms
PAGE: /JSON|76561199152062959
Serve JSON took 16 ms
PAGE: /JSON|76561198334602423
Serve JSON took 31 ms
PAGE: /JSON|76561198855168801
Serve JSON took 32 ms
PAGE: /JSON|76561198141927126
Serve JSON took 47 ms
PAGE: /JSON|76561199260221128
Serve JSON took 22 ms
PAGE: /JSON|76561199016083078
Serve JSON took 47 ms
PAGE: /JSON|76561199188866224
Serve JSON took 16 ms
PAGE: /JSON|76561199221555607
Serve JSON took 24 ms
PAGE: /JSON|76561198066886583
Serve JSON took 63 ms
PAGE: /JSON|76561199028736199
Serve JSON took 16 ms
PAGE: /JSON|76561199134218335
Serve JSON took 62 ms
PAGE: /JSON|76561198261597078
Serve JSON took 47 ms
PAGE: /JSON|76561198130486156
Serve JSON took 28 ms
PAGE: /JSON|76561198431043711
Serve JSON took 47 ms
PAGE: /JSON|76561199076893652
Serve JSON took 47 ms
PAGE: /JSON|76561198257206645
Serve JSON took 47 ms
PAGE: /JSON|76561198113204785
Serve JSON took 31 ms
PAGE: /JSON|76561199059611043
Serve JSON took 31 ms
PAGE: /JSON|76561198362781676
Serve JSON took 31 ms
PAGE: /JSON|76561198857453906
Serve JSON took 31 ms
PAGE: /JSON|76561198436832222
Serve JSON took 12 ms
PAGE: /JSON|76561199062430088
Serve JSON took 47 ms
PAGE: /JSON|76561198442707412
Serve JSON took 48 ms
PAGE: /JSON|76561198272578553
Serve JSON took 43 ms
PAGE: /JSON|76561199121379121
Serve JSON took 63 ms
PAGE: /JSON|76561198005160590
Serve JSON took 16 ms
PAGE: /JSON|76561198172050637
Serve JSON took 16 ms
PAGE: /JSON|76561198962855189
Serve JSON took 63 ms
PAGE: /JSON|76561197965591534
Serve JSON took 23 ms
PAGE: /JSON|76561199042604512
Serve JSON took 51 ms
PAGE: /JSON|76561198867956830
Serve JSON took 51 ms
PAGE: /JSON|76561198311098149
Serve JSON took 39 ms
PAGE: /JSON|76561199092515356
Serve JSON took 39 ms
PAGE: /JSON|76561199114785008
Serve JSON took 37 ms
PAGE: /JSON|76561197995918591
Serve JSON took 4 ms
PAGE: /JSON|76561198045887741
Serve JSON took 58 ms
PAGE: /JSON|76561198143259981
Serve JSON took 30 ms
PAGE: /JSON|76561198107556671
Serve JSON took 19 ms
PAGE: /JSON|76561198372308752
Serve JSON took 54 ms
PAGE: /JSON|76561198201504490
Serve JSON took 41 ms
PAGE: /JSON|76561198375212292
Serve JSON took 4 ms
PAGE: /JSON|76561198125235248
Serve JSON took 39 ms
PAGE: /JSON|76561198203585692
Serve JSON took 24 ms
PAGE: /JSON|76561199031666867
Serve JSON took 35 ms
PAGE: /JSON|76561198385632945
Serve JSON took 22 ms
PAGE: /JSON|76561198175637386
Serve JSON took 52 ms
PAGE: /JSON|76561197994704493
Serve JSON took 62 ms
PAGE: /JSON|76561198300383424
Serve JSON took 12 ms
PAGE: /JSON|76561198379938693
Serve JSON took 63 ms
PAGE: /JSON|76561198883572366
Serve JSON took 31 ms
PAGE: /JSON|76561198219784516
Serve JSON took 47 ms
PAGE: /JSON|76561198400455328
Serve JSON took 31 ms
PAGE: /JSON|76561198028923749
Serve JSON took 46 ms
