Server CFG Path :  cfg/server_cfg.ini
Entry List Path :  cfg/entry_list.ini
Assetto Corsa Dedicated Server v1.15
Protocol version: 202
2022-04-19 21:54:54.6574442 +0200 CEST m=+0.009999500
Num CPU: 12
LOCAL IP 0: fe80::c406:4c8b:3370:4440%VirtualBox Host-Only Network
LOCAL IP 1: fe80::39c0:6dad:3397:4dff%Ethernet
LOCAL IP 2: 192.168.56.1
LOCAL IP 3: 192.168.1.38
Using cfg path:  cfg/server_cfg.ini
Car list:
_abarth500_
_abarth500_s1_
_bmw_m3_e30_
_suzuki_cappuccino_
_suzuki_cappuccino_roof_
_wdts_toyota_ae86_
Client interval HZ: 18
WARNING: pitstop window needs a valid range
WARNING: MAX_CONTACTS_PER_KM was 0 or not found, setting to default: 5
AUTH_PLUGIN_ADDRESS 
TRACK=magione
CARS=["abarth500" "abarth500_s1" "bmw_m3_e30" "suzuki_cappuccino" "suzuki_cappuccino_roof" "wdts_toyota_ae86"]
Loading PRACTICE session
SESSION: Practice
TYPE=PRACTICE
TIME=600
LAPS=0
OPEN=1
WAIT TIME=0

Loading QUALIFY session
SESSION: Qualify
TYPE=QUALIFY
TIME=10
LAPS=0
OPEN=1
WAIT TIME=0

SESSION: Race
TYPE=RACE
TIME=0
LAPS=5
OPEN=1
WAIT TIME=60

DynamicTrack: first session, resetting grip
Trying to load DRS zones from: content/tracks/magione/data/drs_zones.ini
Loading ZONE_0 {0.401 0.676}
Weather update. Ambient: 17.044107 Road: 22.478594 Graphics: 3_clear
Wind update. Speed: 0 Direction: 0
CHECKSUM: system/data/surfaces.ini=41949b9f7045cad2af3f5eb951d170a9
CHECKSUM: content/tracks/magione/data/surfaces.ini=6e128cc6cb7dab5caa3822f1143d5012
CHECKSUM: content/tracks/magione/models.ini=d6788b3dd733adb57f4b5b0273f846d5
ACD CHECKSUM:f6327e6ca542c9ec00b332da054dd529
ACD CHECKSUM:7378b791cac9e8faef3723aa9385ee9b
ACD CHECKSUM:7770c53907d4161c63db9e7f9c97a96b
Calculating checksum for folder content/cars/suzuki_cappuccino/data
Error calculating checksum: Folder not found
Calculating checksum for folder content/cars/suzuki_cappuccino_roof/data
Error calculating checksum: Folder not found
Calculating checksum for folder content/cars/wdts_toyota_ae86/data
Error calculating checksum: Folder not found
Loading blacklist
Opening entry list:  cfg/entry_list.ini
Found car  CAR_0
CAR: 0 bmw_m3_e30 (0) [ []]  []  Ballast: 0 kg
CAR: 0 bmw_m3_e30 (0) [ []]  []  Restrictor: 0
open setups/bmw_m3_e30.ini: Nie można odnaleźć określonego pliku.
Found car  CAR_1
CAR: 1 bmw_m3_e30 (1) [ []]  []  Ballast: 0 kg
CAR: 1 bmw_m3_e30 (1) [ []]  []  Restrictor: 0
open setups/bmw_m3_e30.ini: Nie można odnaleźć określonego pliku.
Found car  CAR_2
CAR: 2 bmw_m3_e30 (2) [ []]  []  Ballast: 0 kg
CAR: 2 bmw_m3_e30 (2) [ []]  []  Restrictor: 0
open setups/bmw_m3_e30.ini: Nie można odnaleźć określonego pliku.
Found car  CAR_3
CAR: 3 bmw_m3_e30 (3) [ []]  []  Ballast: 0 kg
CAR: 3 bmw_m3_e30 (3) [ []]  []  Restrictor: 0
open setups/bmw_m3_e30.ini: Nie można odnaleźć określonego pliku.
Found car  CAR_4
CAR: 4 bmw_m3_e30 (4) [ []]  []  Ballast: 0 kg
CAR: 4 bmw_m3_e30 (4) [ []]  []  Restrictor: 0
open setups/bmw_m3_e30.ini: Nie można odnaleźć określonego pliku.
Found car  CAR_5
CAR: 5 bmw_m3_e30 (5) [ []]  []  Ballast: 0 kg
CAR: 5 bmw_m3_e30 (5) [ []]  []  Restrictor: 0
open setups/bmw_m3_e30.ini: Nie można odnaleźć określonego pliku.
Found car  CAR_6
CAR: 6 bmw_m3_e30 (6) [ []]  []  Ballast: 0 kg
CAR: 6 bmw_m3_e30 (6) [ []]  []  Restrictor: 0
open setups/bmw_m3_e30.ini: Nie można odnaleźć określonego pliku.
Found car  CAR_7
CAR: 7 bmw_m3_e30 (7) [ []]  []  Ballast: 0 kg
CAR: 7 bmw_m3_e30 (7) [ []]  []  Restrictor: 0
open setups/bmw_m3_e30.ini: Nie można odnaleźć określonego pliku.
Found car  CAR_8
CAR: 8 bmw_m3_e30 (8) [ []]  []  Ballast: 0 kg
CAR: 8 bmw_m3_e30 (8) [ []]  []  Restrictor: 0
open setups/bmw_m3_e30.ini: Nie można odnaleźć określonego pliku.
Found car  CAR_9
CAR: 9 bmw_m3_e30 (9) [ []]  []  Ballast: 0 kg
CAR: 9 bmw_m3_e30 (9) [ []]  []  Restrictor: 0
open setups/bmw_m3_e30.ini: Nie można odnaleźć określonego pliku.
Found car  CAR_10
CAR: 10 bmw_m3_e30 (10) [ []]  []  Ballast: 0 kg
CAR: 10 bmw_m3_e30 (10) [ []]  []  Restrictor: 0
open setups/bmw_m3_e30.ini: Nie można odnaleźć określonego pliku.
Found car  CAR_11
CAR: 11 bmw_m3_e30 (11) [ []]  []  Ballast: 0 kg
CAR: 11 bmw_m3_e30 (11) [ []]  []  Restrictor: 0
open setups/bmw_m3_e30.ini: Nie można odnaleźć określonego pliku.
Found car  CAR_12
CAR: 12 bmw_m3_e30 (12) [ []]  []  Ballast: 0 kg
CAR: 12 bmw_m3_e30 (12) [ []]  []  Restrictor: 0
open setups/bmw_m3_e30.ini: Nie można odnaleźć określonego pliku.
Found car  CAR_13
CAR: 13 bmw_m3_e30 (13) [ []]  []  Ballast: 0 kg
CAR: 13 bmw_m3_e30 (13) [ []]  []  Restrictor: 0
open setups/bmw_m3_e30.ini: Nie można odnaleźć określonego pliku.
Found car  CAR_14
CAR: 14 bmw_m3_e30 (14) [ []]  []  Ballast: 0 kg
CAR: 14 bmw_m3_e30 (14) [ []]  []  Restrictor: 0
open setups/bmw_m3_e30.ini: Nie można odnaleźć określonego pliku.
Found car  CAR_15
CAR: 15 bmw_m3_e30 (15) [ []]  []  Ballast: 0 kg
CAR: 15 bmw_m3_e30 (15) [ []]  []  Restrictor: 0
open setups/bmw_m3_e30.ini: Nie można odnaleźć określonego pliku.
Found car  CAR_16
CAR: 16 bmw_m3_e30 (16) [ []]  []  Ballast: 0 kg
CAR: 16 bmw_m3_e30 (16) [ []]  []  Restrictor: 0
open setups/bmw_m3_e30.ini: Nie można odnaleźć określonego pliku.
Found car  CAR_17
CAR: 17 bmw_m3_e30 (17) [ []]  []  Ballast: 0 kg
CAR: 17 bmw_m3_e30 (17) [ []]  []  Restrictor: 0
open setups/bmw_m3_e30.ini: Nie można odnaleźć określonego pliku.
Random seed: 984301079
Starting TCP listener at port 9600
Session has 0 laps, will not save json
NextSession
SESSION: Practice
TYPE=PRACTICE
TIME=600
LAPS=0
OPEN=1
WAIT TIME=0

DynamicTrack: first session, resetting grip
Weather update. Ambient: 15.408499 Road: 14.79051 Graphics: 7_heavy_clouds
Wind update. Speed: 0 Direction: 0
No laptime available, use car index for grids
POS: 1, SessionID:0
POS: 2, SessionID:1
POS: 3, SessionID:2
POS: 4, SessionID:3
POS: 5, SessionID:4
POS: 6, SessionID:5
POS: 7, SessionID:6
POS: 8, SessionID:7
POS: 9, SessionID:8
POS: 10, SessionID:9
POS: 11, SessionID:10
POS: 12, SessionID:11
POS: 13, SessionID:12
POS: 14, SessionID:13
POS: 15, SessionID:14
POS: 16, SessionID:15
POS: 17, SessionID:16
POS: 18, SessionID:17
SENDING session name : Practice
Starting HTTP server on port  8081
SENDING session index : 0
SENDING session type : 1
SENDING session time : 600
SENDING session laps : 0
Server started
Registering to AC central server
CALLING http://93.57.10.21/lobby.ashx/register?name=Mumin_server&port=9600&tcp_port=9600&max_clients=18&track=magione&cars=abarth500%2Cabarth500_s1%2Cbmw_m3_e30%2Csuzuki_cappuccino%2Csuzuki_cappuccino_roof%2Cwdts_toyota_ae86&timeofday=48&sessions=1,2,3&durations=36000,600,5&password=0&version=202&pickup=1&autoclutch=0&abs=1&tc=1&stability=0&legal_tyres=&fixed_setup=0&timed=0&extra=0&pit=0&inverted=0
RESPONSE: OK,0,8081
CONNECTED TO LOBBY
RESTARTING FROM SESSION 0
Session has 0 laps, will not save json
NextSession
SESSION: Practice
TYPE=PRACTICE
TIME=600
LAPS=0
OPEN=1
WAIT TIME=0

DynamicTrack: first session, resetting grip
Weather update. Ambient: 14.755594 Road: 13.677907 Graphics: 7_heavy_clouds
Wind update. Speed: 0 Direction: 0
SENDING session name : Practice
SENDING session index : 0
SENDING session type : 1
SENDING session time : 600
SENDING session laps : 0
SENDING http://93.57.10.21/lobby.ashx/ping?session=1&timeleft=36000&port=9600&clients=0&track=magione&pickup=1
OK
PAGE: /JSON|76561199060816819
Serve JSON took 22 ms
PAGE: /JSON|76561198384494688
Serve JSON took 26 ms
PAGE: /JSON|76561197976529848
Serve JSON took 25 ms
PAGE: /JSON|76561198121396592
Serve JSON took 26 ms
PAGE: /JSON|76561199005094765
Serve JSON took 43 ms
PAGE: /JSON|76561198862756117
Serve JSON took 24 ms
PAGE: /JSON|76561198808141273
Serve JSON took 41 ms
PAGE: /JSON|76561197974311324
Serve JSON took 11 ms
PAGE: /JSON|76561199248884706
Serve JSON took 43 ms
PAGE: /JSON|76561199093005878
Serve JSON took 24 ms
PAGE: /JSON|76561198171278626
Serve JSON took 11 ms
PAGE: /JSON|76561198092323277
Serve JSON took 7 ms
PAGE: /JSON|76561199183642555
Serve JSON took 30 ms
PAGE: /JSON|76561198894945906
Serve JSON took 28 ms
PAGE: /JSON|76561198102738039
Serve JSON took 24 ms
PAGE: /JSON|76561198287035759
Serve JSON took 43 ms
PAGE: /JSON|76561198391626967
Serve JSON took 11 ms
PAGE: /JSON|76561199227085846
Serve JSON took 18 ms
PAGE: /JSON|76561199201757434
Serve JSON took 47 ms
PAGE: /JSON|76561198220180871
Serve JSON took 41 ms
PAGE: /JSON|76561199071769622
Serve JSON took 37 ms
PAGE: /JSON|76561198355502422
Serve JSON took 26 ms
PAGE: /JSON|76561199076992957
Serve JSON took 29 ms
PAGE: /JSON|76561199086264154
Serve JSON took 47 ms
PAGE: /JSON|76561198415811520
Serve JSON took 3 ms
PAGE: /JSON|76561198823854124
Serve JSON took 21 ms
PAGE: /JSON|76561199229493795
Serve JSON took 17 ms
PAGE: /JSON|76561199022469079
Serve JSON took 4 ms
PAGE: /JSON|76561198130713806
Serve JSON took 14 ms
PAGE: /JSON|76561198444402733
Serve JSON took 13 ms
PAGE: /JSON|76561199052385987
Serve JSON took 5 ms
PAGE: /JSON|76561198197909751
Serve JSON took 20 ms
PAGE: /JSON|76561198796634542
Serve JSON took 2 ms
PAGE: /JSON|76561199188381155
Serve JSON took 34 ms
PAGE: /JSON|76561198846298915
Serve JSON took 34 ms
PAGE: /JSON|76561198869522121
Serve JSON took 33 ms
PAGE: /JSON|76561198405902996
Serve JSON took 58 ms
PAGE: /JSON|76561198071252518
Serve JSON took 5 ms
PAGE: /JSON|76561199106778410
Serve JSON took 50 ms
PAGE: /JSON|76561198363998888
Serve JSON took 22 ms
PAGE: /JSON|76561198254240733
Serve JSON took 22 ms
PAGE: /JSON|76561198410603296
Serve JSON took 50 ms
PAGE: /JSON|76561198964156697
PAGE: /JSON|76561199139111285
Serve JSON took 39 ms
Serve JSON took 93 ms
PAGE: /JSON|76561199035930142
Serve JSON took 39 ms
PAGE: /JSON|76561198358120802
Serve JSON took 25 ms
PAGE: /JSON|76561198448555257
Serve JSON took 33 ms
PAGE: /JSON|76561198410833490
Serve JSON took 56 ms
PAGE: /JSON|76561199047599530
Serve JSON took 24 ms
PAGE: /JSON|76561198128511452
Serve JSON took 12 ms
PAGE: /JSON|76561197992724600
Serve JSON took 25 ms
PAGE: /JSON|76561198392216472
Serve JSON took 44 ms
PAGE: /JSON|76561199165090476
Serve JSON took 48 ms
PAGE: /JSON|76561199056778639
Serve JSON took 26 ms
PAGE: /JSON|76561198213295484
Serve JSON took 55 ms
PAGE: /JSON|76561198180139830
Serve JSON took 28 ms
PAGE: /JSON|76561198306048869
Serve JSON took 4 ms
PAGE: /JSON|76561198448089039
Serve JSON took 16 ms
PAGE: /JSON|76561199156390288
Serve JSON took 2 ms
PAGE: /INFO
REQ
{ 9600 8081 Mumin_server 0 18 magione [abarth500 abarth500_s1 bmw_m3_e30 suzuki_cappuccino suzuki_cappuccino_roof wdts_toyota_ae86] 48 0 [1 2 3] [600 10 5] 35845 [na na] false 0 <nil> false true 9600 false false false 0}
{ 9600 8081 Mumin_server 0 18 magione [abarth500 abarth500_s1 bmw_m3_e30 suzuki_cappuccino suzuki_cappuccino_roof wdts_toyota_ae86] 48 0 [1 2 3] [600 10 5] 35845 [na na] false 0 <nil> false true 9600 false false false 0}
PAGE: /JSON|76561198271312186
Serve JSON took 45 ms
PAGE: /JSON|76561198358906428
Serve JSON took 34 ms
PAGE: /INFO
REQ
{ 9600 8081 Mumin_server 0 18 magione [abarth500 abarth500_s1 bmw_m3_e30 suzuki_cappuccino suzuki_cappuccino_roof wdts_toyota_ae86] 48 0 [1 2 3] [600 10 5] 35842 [na na] false 0 <nil> false true 9600 false false false 0}
{ 9600 8081 Mumin_server 0 18 magione [abarth500 abarth500_s1 bmw_m3_e30 suzuki_cappuccino suzuki_cappuccino_roof wdts_toyota_ae86] 48 0 [1 2 3] [600 10 5] 35842 [na na] false 0 <nil> false true 9600 false false false 0}
PAGE: /JSON|76561198271312186
Serve JSON took 47 ms
PAGE: /JSON|76561198861412205
Serve JSON took 24 ms
PAGE: /JSON|76561199195405431
Serve JSON took 54 ms
PAGE: /JSON|76561199058233369
Serve JSON took 9 ms
PAGE: /JSON|76561198093865254
Serve JSON took 48 ms
PAGE: /JSON|76561198201651611
Serve JSON took 48 ms
PAGE: /JSON|76561198106094512
Serve JSON took 27 ms
PAGE: /JSON|76561199140650683
Serve JSON took 14 ms
PAGE: /JSON|76561198863309417
Serve JSON took 33 ms
PAGE: /JSON|76561198856133675
Serve JSON took 15 ms
PAGE: /JSON|76561198158878525
Serve JSON took 11 ms
PAGE: /JSON|76561199041583824
Serve JSON took 24 ms
PAGE: /JSON|76561198041663549
Serve JSON took 35 ms
PAGE: /JSON|76561199218432677
Serve JSON took 11 ms
PAGE: /JSON|76561198165753768
Serve JSON took 6 ms
PAGE: /JSON|76561198424940516
Serve JSON took 36 ms
PAGE: /JSON|76561199000475277
Serve JSON took 12 ms
PAGE: /JSON|76561198386967775
Serve JSON took 20 ms
PAGE: /JSON|76561198027662995
Serve JSON took 23 ms
PAGE: /JSON|76561199108832775
Serve JSON took 47 ms
PAGE: /JSON|76561198805679456
Serve JSON took 36 ms
PAGE: /JSON|76561199009113868
Serve JSON took 20 ms
PAGE: /JSON|76561199224749202
Serve JSON took 11 ms
PAGE: /JSON|76561198061500842
Serve JSON took 8 ms
PAGE: /JSON|76561199188217929
Serve JSON took 37 ms
PAGE: /JSON|76561198363933646
Serve JSON took 44 ms
PAGE: /JSON|76561198929311802
Serve JSON took 23 ms
PAGE: /JSON|76561197998589150
Serve JSON took 21 ms
PAGE: /JSON|76561198036851453
Serve JSON took 26 ms
PAGE: /JSON|76561198210998779
Serve JSON took 56 ms
PAGE: /JSON|76561198411101989
Serve JSON took 21 ms
PAGE: /JSON|76561198293418307
Serve JSON took 38 ms
PAGE: /JSON|76561199165517303
Serve JSON took 39 ms
PAGE: /JSON|76561199003347726
Serve JSON took 55 ms
PAGE: /JSON|76561198929309769
Serve JSON took 32 ms
PAGE: /JSON|76561198067034802
Serve JSON took 12 ms
PAGE: /JSON|76561199002020439
Serve JSON took 24 ms
PAGE: /JSON|76561198874296366
Serve JSON took 46 ms
PAGE: /JSON|76561199248884706
Serve JSON took 8 ms
PAGE: /JSON|76561199190151939
Serve JSON took 29 ms
PAGE: /JSON|76561199007606796
Serve JSON took 15 ms
PAGE: /JSON|76561198247991528
Serve JSON took 14 ms
PAGE: /JSON|76561198998192970
Serve JSON took 43 ms
PAGE: /JSON|76561198989973861
Serve JSON took 6 ms
PAGE: /JSON|76561198260696943
Serve JSON took 52 ms
PAGE: /JSON|76561198280315944
Serve JSON took 38 ms
PAGE: /JSON|76561199166239674
Serve JSON took 30 ms
PAGE: /JSON|76561199173847937
Serve JSON took 48 ms
PAGE: /JSON|76561198383532647
Serve JSON took 53 ms
PAGE: /JSON|76561198035352219
Serve JSON took 4 ms
PAGE: /JSON|76561199005006559
Serve JSON took 54 ms
PAGE: /JSON|76561198139882246
Serve JSON took 58 ms
PAGE: /JSON|76561199015717027
Serve JSON took 36 ms
PAGE: /JSON|76561199178949412
Serve JSON took 25 ms
PAGE: /JSON|76561198415685686
Serve JSON took 51 ms
PAGE: /JSON|76561199141965544
Serve JSON took 27 ms
PAGE: /JSON|76561198000954924
PAGE: /JSON|76561199173733902
Serve JSON took 40 ms
Serve JSON took 57 ms
PAGE: /JSON|76561199240914144
Serve JSON took 40 ms
PAGE: /JSON|76561198086515742
Serve JSON took 41 ms
PAGE: /JSON|76561198236198104
Serve JSON took 49 ms
PAGE: /JSON|76561198386750747
Serve JSON took 54 ms
PAGE: /JSON|76561198012536320
Serve JSON took 50 ms
PAGE: /JSON|76561199183663468
Serve JSON took 36 ms
PAGE: /JSON|76561198985649988
Serve JSON took 19 ms
PAGE: /JSON|76561198410107982
Serve JSON took 36 ms
PAGE: /JSON|76561198045843582
Serve JSON took 52 ms
PAGE: /JSON|76561199212504262
Serve JSON took 18 ms
PAGE: /JSON|76561199047270847
Serve JSON took 46 ms
PAGE: /JSON|76561198079371452
Serve JSON took 54 ms
PAGE: /JSON|76561199258146147
Serve JSON took 19 ms
PAGE: /JSON|76561198399683123
Serve JSON took 30 ms
PAGE: /JSON|76561198973823353
Serve JSON took 42 ms
PAGE: /JSON|76561198097591891
Serve JSON took 49 ms
PAGE: /JSON|76561198991911523
Serve JSON took 26 ms
PAGE: /JSON|76561198052437104
Serve JSON took 4 ms
PAGE: /JSON|76561198152190218
Serve JSON took 27 ms
PAGE: /JSON|76561199111664859
Serve JSON took 42 ms
PAGE: /JSON|76561198254305183
Serve JSON took 22 ms
PAGE: /JSON|76561198985562675
Serve JSON took 21 ms
PAGE: /JSON|76561199204892755
Serve JSON took 20 ms
PAGE: /JSON|76561198314347399
Serve JSON took 50 ms
PAGE: /JSON|76561199091540983
Serve JSON took 37 ms
PAGE: /JSON|76561198335368751
Serve JSON took 44 ms
PAGE: /JSON|76561198367279508
Serve JSON took 54 ms
PAGE: /JSON|76561198166176196
Serve JSON took 52 ms
PAGE: /JSON|76561198000984510
Serve JSON took 12 ms
PAGE: /JSON|76561198150959887
Serve JSON took 26 ms
PAGE: /JSON|76561199213570160
Serve JSON took 39 ms
PAGE: /JSON|76561198204514101
Serve JSON took 34 ms
PAGE: /JSON|76561198148835607
Serve JSON took 5 ms
PAGE: /JSON|76561199103536855
Serve JSON took 48 ms
PAGE: /JSON|76561199163513860
Serve JSON took 43 ms
PAGE: /JSON|76561199054973296
Serve JSON took 8 ms
PAGE: /JSON|76561198313112319
Serve JSON took 38 ms
PAGE: /JSON|76561198441429665
Serve JSON took 12 ms
PAGE: /JSON|76561198804475003
Serve JSON took 10 ms
PAGE: /JSON|76561198985930324
Serve JSON took 17 ms
PAGE: /JSON|76561199001552758
Serve JSON took 50 ms
PAGE: /JSON|76561198853303212
Serve JSON took 12 ms
PAGE: /JSON|76561199009045489
Serve JSON took 1 ms
PAGE: /JSON|76561198989033346
Serve JSON took 14 ms
PAGE: /JSON|76561198853758405
Serve JSON took 6 ms
PAGE: /JSON|76561199165291814
Serve JSON took 19 ms
PAGE: /JSON|76561199239772842
Serve JSON took 47 ms
PAGE: /JSON|76561198892742324
Serve JSON took 17 ms
PAGE: /JSON|76561198241656870
Serve JSON took 16 ms
PAGE: /JSON|76561199229476288
Serve JSON took 12 ms
PAGE: /JSON|76561198065548243
Serve JSON took 36 ms
PAGE: /JSON|76561199250790141
Serve JSON took 17 ms
PAGE: /JSON|76561198814334920
Serve JSON took 35 ms
PAGE: /JSON|76561199243999716
Serve JSON took 30 ms
PAGE: /JSON|76561198278386170
Serve JSON took 17 ms
PAGE: /JSON|76561197970836757
Serve JSON took 22 ms
PAGE: /JSON|76561198094279797
Serve JSON took 1 ms
PAGE: /JSON|76561198066647693
Serve JSON took 2 ms
PAGE: /JSON|76561199027385947
Serve JSON took 48 ms
PAGE: /JSON|76561198445077548
Serve JSON took 50 ms
PAGE: /JSON|76561197962352742
Serve JSON took 9 ms
PAGE: /JSON|76561199199505629
Serve JSON took 7 ms
PAGE: /JSON|76561198451630851
Serve JSON took 1 ms
PAGE: /JSON|76561198171201009
Serve JSON took 10 ms
PAGE: /JSON|76561198332615892
Serve JSON took 41 ms
PAGE: /JSON|76561199227449625
Serve JSON took 23 ms
PAGE: /JSON|76561198431514193
Serve JSON took 4 ms
PAGE: /JSON|76561198388937623
Serve JSON took 14 ms
PAGE: /JSON|76561198896706139
Serve JSON took 22 ms
PAGE: /JSON|76561198039801114
Serve JSON took 9 ms
PAGE: /JSON|76561198211376089
Serve JSON took 36 ms
PAGE: /JSON|76561199208459076
Serve JSON took 24 ms
PAGE: /JSON|76561199146558534
Serve JSON took 36 ms
PAGE: /JSON|76561198399877670
Serve JSON took 15 ms
PAGE: /JSON|76561198371518255
Serve JSON took 20 ms
PAGE: /JSON|76561198846298915
Serve JSON took 49 ms
PAGE: /JSON|76561199157438799
Serve JSON took 44 ms
PAGE: /JSON|76561198262842306
Serve JSON took 14 ms
PAGE: /JSON|76561199088910230
Serve JSON took 28 ms
PAGE: /JSON|76561198301927962
Serve JSON took 49 ms
PAGE: /JSON|76561198291828761
Serve JSON took 30 ms
PAGE: /JSON|76561198168440473
Serve JSON took 39 ms
PAGE: /JSON|76561199163686575
Serve JSON took 33 ms
PAGE: /JSON|76561199003358353
Serve JSON took 47 ms
PAGE: /INFO
REQ
{ 9600 8081 Mumin_server 0 18 magione [abarth500 abarth500_s1 bmw_m3_e30 suzuki_cappuccino suzuki_cappuccino_roof wdts_toyota_ae86] 48 0 [1 2 3] [600 10 5] 35484 [na na] false 0 <nil> false true 9600 false false false 0}
{ 9600 8081 Mumin_server 0 18 magione [abarth500 abarth500_s1 bmw_m3_e30 suzuki_cappuccino suzuki_cappuccino_roof wdts_toyota_ae86] 48 0 [1 2 3] [600 10 5] 35484 [na na] false 0 <nil> false true 9600 false false false 0}
PAGE: /JSON|76561198271312186
Serve JSON took 50 ms
PAGE: /JSON|76561198093965719
Serve JSON took 49 ms
PAGE: /JSON|76561198318013642
Serve JSON took 40 ms
PAGE: /JSON|76561198138233384
Serve JSON took 6 ms
PAGE: /JSON|76561199067285215
Serve JSON took 20 ms
PAGE: /JSON|76561198274122336
Serve JSON took 60 ms
PAGE: /JSON|76561198979187678
Serve JSON took 51 ms
PAGE: /JSON|76561198195804257
Serve JSON took 50 ms
PAGE: /JSON|76561198337386556
Serve JSON took 21 ms
PAGE: /JSON|76561198119097495
Serve JSON took 31 ms
PAGE: /JSON|76561198399711855
Serve JSON took 19 ms
PAGE: /INFO
REQ
{ 9600 8081 Mumin_server 0 18 magione [abarth500 abarth500_s1 bmw_m3_e30 suzuki_cappuccino suzuki_cappuccino_roof wdts_toyota_ae86] 48 0 [1 2 3] [600 10 5] 35452 [na na] false 0 <nil> false true 9600 false false false 0}
{ 9600 8081 Mumin_server 0 18 magione [abarth500 abarth500_s1 bmw_m3_e30 suzuki_cappuccino suzuki_cappuccino_roof wdts_toyota_ae86] 48 0 [1 2 3] [600 10 5] 35452 [na na] false 0 <nil> false true 9600 false false false 0}
PAGE: /JSON|76561198271312186
Serve JSON took 39 ms
PAGE: /JSON|76561198804168630
Serve JSON took 36 ms
PAGE: /JSON|76561198024669019
Serve JSON took 39 ms
PAGE: /JSON|76561199101971597
Serve JSON took 4 ms
PAGE: /JSON|76561199260610322
Serve JSON took 8 ms
PAGE: /JSON|76561199073418642
Serve JSON took 32 ms
PAGE: /JSON|76561198081228592
Serve JSON took 0 ms
PAGE: /JSON|76561199230743269
Serve JSON took 7 ms
PAGE: /JSON|76561199250149932
Serve JSON took 28 ms
PAGE: /JSON|76561198027511033
Serve JSON took 22 ms
PAGE: /JSON|76561198800735684
Serve JSON took 24 ms
PAGE: /JSON|76561198021688641
Serve JSON took 30 ms
PAGE: /JSON|76561198000219142
Serve JSON took 34 ms
PAGE: /JSON|76561198887827303
Serve JSON took 9 ms
PAGE: /JSON|76561198223288520
Serve JSON took 44 ms
PAGE: /JSON|76561198840875370
Serve JSON took 45 ms
PAGE: /JSON|76561199097539850
Serve JSON took 9 ms
PAGE: /JSON|76561198374613162
Serve JSON took 18 ms
PAGE: /JSON|76561199257028373
Serve JSON took 49 ms
PAGE: /JSON|76561198893033607
Serve JSON took 46 ms
PAGE: /JSON|76561198335897560
Serve JSON took 20 ms
PAGE: /JSON|76561199128741376
Serve JSON took 3 ms
PAGE: /JSON|76561199053413711
Serve JSON took 37 ms
PAGE: /JSON|76561198083707399
Serve JSON took 12 ms
PAGE: /JSON|76561198881139514
Serve JSON took 42 ms
PAGE: /JSON|76561198853670549
Serve JSON took 42 ms
PAGE: /JSON|76561198086529703
Serve JSON took 6 ms
PAGE: /JSON|76561199188617933
Serve JSON took 27 ms
PAGE: /JSON|76561197968800961
Serve JSON took 45 ms
PAGE: /JSON|76561197960342889
Serve JSON took 39 ms
PAGE: /JSON|76561199184155961
Serve JSON took 47 ms
PAGE: /JSON|76561198062565395
Serve JSON took 9 ms
PAGE: /JSON|76561198317035817
Serve JSON took 6 ms
PAGE: /JSON|76561198263788908
Serve JSON took 40 ms
PAGE: /JSON|76561199248884706
Serve JSON took 16 ms
PAGE: /JSON|76561198110248197
Serve JSON took 21 ms
PAGE: /JSON|76561198276317249
Serve JSON took 4 ms
PAGE: /JSON|76561198144227512
Serve JSON took 16 ms
PAGE: /JSON|76561199134747142
Serve JSON took 20 ms
PAGE: /JSON|76561198334602423
Serve JSON took 32 ms
PAGE: /JSON|76561198325453156
Serve JSON took 44 ms
PAGE: /JSON|76561198088560519
Serve JSON took 39 ms
PAGE: /JSON|76561199057031767
Serve JSON took 50 ms
PAGE: /JSON|76561198309146067
Serve JSON took 38 ms
PAGE: /JSON|76561198847143264
Serve JSON took 7 ms
PAGE: /JSON|76561198386967775
Serve JSON took 4 ms
PAGE: /JSON|76561199188831952
Serve JSON took 32 ms
PAGE: /JSON|76561199258870998
Serve JSON took 23 ms
PAGE: /JSON|76561198147034040
Serve JSON took 16 ms
PAGE: /JSON|76561198339637864
Serve JSON took 40 ms
PAGE: /JSON|76561198427305134
Serve JSON took 7 ms
PAGE: /JSON|76561198180115378
Serve JSON took 21 ms
PAGE: /JSON|76561199040006480
Serve JSON took 7 ms
PAGE: /JSON|76561198876195151
Serve JSON took 17 ms
PAGE: /JSON|76561199088533683
Serve JSON took 1 ms
PAGE: /JSON|76561198010632075
Serve JSON took 25 ms
PAGE: /JSON|76561198147971874
Serve JSON took 34 ms
PAGE: /JSON|76561198127387956
Serve JSON took 49 ms
PAGE: /JSON|76561198801959803
Serve JSON took 7 ms
